<?xml version="1.0" encoding="UTF-8"?>
<!-- Generated by org.testng.reporters.JUnitReportReporter -->
<testsuite skipped="0" hostname="Latitude3400" name="com.testcases.LoginTestCase" tests="1" failures="0" timestamp="2021-09-30T15:29:57 IST" time="10.489" errors="0">
  <testcase name="login" time="10.489" classname="com.testcases.LoginTestCase"/>
  <system-out/>
</testsuite> <!-- com.testcases.LoginTestCase -->
